app/build/intermediates/manifest_merge_blame_file/release/manifest-merger-blame-release-report.txt
1<?xml version="1.0" encoding="utf-8"?>
2<manifest xmlns:android="http://schemas.android.com/apk/res/android"
3    package="com.google.mlkit.md"
4    android:installLocation="auto"
5    android:versionCode="1"
6    android:versionName="1.0" >
7
8    <uses-sdk
9        android:minSdkVersion="19"
9-->src\main\AndroidManifest.xml
10        android:targetSdkVersion="30" />
10-->src\main\AndroidManifest.xml
11
12    <uses-feature android:name="android.hardware.camera" />
12-->src\main\AndroidManifest.xml:7:3-57
12-->src\main\AndroidManifest.xml:7:17-55
13
14    <uses-permission android:name="android.permission.INTERNET" />
14-->src\main\AndroidManifest.xml:9:3-64
14-->src\main\AndroidManifest.xml:9:20-62
15    <uses-permission android:name="android.permission.CAMERA" />
15-->src\main\AndroidManifest.xml:10:3-62
15-->src\main\AndroidManifest.xml:10:20-60
16
17    <!-- Although the *SdkVersion is captured in gradle build files, this is required for non gradle builds -->
18    <!-- <uses-sdk android:minSdkVersion="14"/> -->
19    <uses-permission android:name="android.permission.ACCESS_NETWORK_STATE" />
19-->[com.google.android.datatransport:transport-backend-cct:2.3.3] AndroidManifest.xml:25:5-79
19-->[com.google.android.datatransport:transport-backend-cct:2.3.3] AndroidManifest.xml:25:22-76
20
21    <application
21-->src\main\AndroidManifest.xml:12:3-53:17
22        android:name="androidx.multidex.MultiDexApplication"
23        android:allowBackup="false"
23-->src\main\AndroidManifest.xml:13:7-34
24        android:appComponentFactory="androidx.core.app.CoreComponentFactory"
24-->[androidx.core:core:1.5.0] AndroidManifest.xml:24:18-86
25        android:icon="@drawable/logo_mlkit"
25-->src\main\AndroidManifest.xml:14:7-42
26        android:label="@string/app_name"
26-->src\main\AndroidManifest.xml:15:7-39
27        android:supportsRtl="true"
27-->src\main\AndroidManifest.xml:16:7-33
28        android:testOnly="true"
29        android:theme="@style/AppTheme" >
29-->src\main\AndroidManifest.xml:17:7-38
30        <meta-data
30-->src\main\AndroidManifest.xml:20:5-22:64
31            android:name="com.google.android.gms.version"
31-->src\main\AndroidManifest.xml:21:9-54
32            android:value="@integer/google_play_services_version" />
32-->src\main\AndroidManifest.xml:22:9-62
33
34        <activity
34-->src\main\AndroidManifest.xml:24:5-32:16
35            android:name="com.google.mlkit.md.MainActivity"
35-->src\main\AndroidManifest.xml:25:9-56
36            android:exported="true"
36-->src\main\AndroidManifest.xml:26:9-32
37            android:screenOrientation="portrait" >
37-->src\main\AndroidManifest.xml:27:9-45
38            <intent-filter>
38-->src\main\AndroidManifest.xml:28:7-31:23
39                <action android:name="android.intent.action.MAIN" />
39-->src\main\AndroidManifest.xml:29:9-60
39-->src\main\AndroidManifest.xml:29:17-58
40
41                <category android:name="android.intent.category.LAUNCHER" />
41-->src\main\AndroidManifest.xml:30:9-68
41-->src\main\AndroidManifest.xml:30:19-66
42            </intent-filter>
43        </activity>
44        <activity
44-->src\main\AndroidManifest.xml:34:5-38:16
45            android:name="com.google.mlkit.md.LiveObjectDetectionActivity"
45-->src\main\AndroidManifest.xml:35:9-71
46            android:exported="false"
46-->src\main\AndroidManifest.xml:36:9-33
47            android:screenOrientation="portrait" >
47-->src\main\AndroidManifest.xml:37:9-45
48        </activity>
49        <activity
49-->src\main\AndroidManifest.xml:40:5-44:16
50            android:name="com.google.mlkit.md.StaticObjectDetectionActivity"
50-->src\main\AndroidManifest.xml:41:9-73
51            android:exported="false"
51-->src\main\AndroidManifest.xml:42:9-33
52            android:screenOrientation="portrait" >
52-->src\main\AndroidManifest.xml:43:9-45
53        </activity>
54        <activity
54-->src\main\AndroidManifest.xml:46:5-51:16
55            android:name="com.google.mlkit.md.settings.SettingsActivity"
55-->src\main\AndroidManifest.xml:47:9-69
56            android:exported="false"
56-->src\main\AndroidManifest.xml:48:9-33
57            android:label="@string/settings_title"
57-->src\main\AndroidManifest.xml:49:9-47
58            android:screenOrientation="portrait" >
58-->src\main\AndroidManifest.xml:50:9-45
59        </activity>
60
61        <service
61-->[com.google.mlkit:object-detection:16.2.6] AndroidManifest.xml:8:9-14:19
62            android:name="com.google.mlkit.common.internal.MlKitComponentDiscoveryService"
62-->[com.google.mlkit:object-detection:16.2.6] AndroidManifest.xml:9:13-91
63            android:directBootAware="true"
63-->[com.google.mlkit:common:17.2.0] AndroidManifest.xml:17:13-43
64            android:exported="false" >
64-->[com.google.mlkit:object-detection:16.2.6] AndroidManifest.xml:10:13-37
65            <meta-data
65-->[com.google.mlkit:object-detection:16.2.6] AndroidManifest.xml:11:13-13:85
66                android:name="com.google.firebase.components:com.google.mlkit.vision.objects.defaults.internal.DefaultObjectsRegistrar"
66-->[com.google.mlkit:object-detection:16.2.6] AndroidManifest.xml:12:17-136
67                android:value="com.google.firebase.components.ComponentRegistrar" />
67-->[com.google.mlkit:object-detection:16.2.6] AndroidManifest.xml:13:17-82
68            <meta-data
68-->[com.google.mlkit:object-detection-custom:16.3.3] AndroidManifest.xml:11:13-13:85
69                android:name="com.google.firebase.components:com.google.mlkit.vision.objects.custom.internal.CustomObjectsRegistrar"
69-->[com.google.mlkit:object-detection-custom:16.3.3] AndroidManifest.xml:12:17-133
70                android:value="com.google.firebase.components.ComponentRegistrar" />
70-->[com.google.mlkit:object-detection-custom:16.3.3] AndroidManifest.xml:13:17-82
71            <meta-data
71-->[com.google.android.gms:play-services-mlkit-barcode-scanning:16.2.0] AndroidManifest.xml:12:13-14:85
72                android:name="com.google.firebase.components:com.google.mlkit.vision.barcode.internal.BarcodeRegistrar"
72-->[com.google.android.gms:play-services-mlkit-barcode-scanning:16.2.0] AndroidManifest.xml:13:17-120
73                android:value="com.google.firebase.components.ComponentRegistrar" />
73-->[com.google.android.gms:play-services-mlkit-barcode-scanning:16.2.0] AndroidManifest.xml:14:17-82
74            <meta-data
74-->[com.google.mlkit:vision-internal-vkp:18.1.1] AndroidManifest.xml:11:13-13:85
75                android:name="com.google.firebase.components:com.google.mlkit.vision.vkp.VkpRegistrar"
75-->[com.google.mlkit:vision-internal-vkp:18.1.1] AndroidManifest.xml:12:17-103
76                android:value="com.google.firebase.components.ComponentRegistrar" />
76-->[com.google.mlkit:vision-internal-vkp:18.1.1] AndroidManifest.xml:13:17-82
77            <meta-data
77-->[com.google.mlkit:vision-common:16.5.0] AndroidManifest.xml:12:13-14:85
78                android:name="com.google.firebase.components:com.google.mlkit.vision.common.internal.VisionCommonRegistrar"
78-->[com.google.mlkit:vision-common:16.5.0] AndroidManifest.xml:13:17-124
79                android:value="com.google.firebase.components.ComponentRegistrar" />
79-->[com.google.mlkit:vision-common:16.5.0] AndroidManifest.xml:14:17-82
80            <meta-data
80-->[com.google.mlkit:common:17.2.0] AndroidManifest.xml:20:13-22:85
81                android:name="com.google.firebase.components:com.google.mlkit.common.internal.CommonComponentRegistrar"
81-->[com.google.mlkit:common:17.2.0] AndroidManifest.xml:21:17-120
82                android:value="com.google.firebase.components.ComponentRegistrar" />
82-->[com.google.mlkit:common:17.2.0] AndroidManifest.xml:22:17-82
83        </service>
84
85        <provider
85-->[com.google.mlkit:common:17.2.0] AndroidManifest.xml:9:9-13:38
86            android:name="com.google.mlkit.common.internal.MlKitInitProvider"
86-->[com.google.mlkit:common:17.2.0] AndroidManifest.xml:10:13-78
87            android:authorities="com.google.mlkit.md.mlkitinitprovider"
87-->[com.google.mlkit:common:17.2.0] AndroidManifest.xml:11:13-69
88            android:exported="false"
88-->[com.google.mlkit:common:17.2.0] AndroidManifest.xml:12:13-37
89            android:initOrder="99" />
89-->[com.google.mlkit:common:17.2.0] AndroidManifest.xml:13:13-35
90
91        <activity
91-->[com.google.android.gms:play-services-base:17.6.0] AndroidManifest.xml:23:9-26:75
92            android:name="com.google.android.gms.common.api.GoogleApiActivity"
92-->[com.google.android.gms:play-services-base:17.6.0] AndroidManifest.xml:24:13-79
93            android:exported="false"
93-->[com.google.android.gms:play-services-base:17.6.0] AndroidManifest.xml:25:13-37
94            android:theme="@android:style/Theme.Translucent.NoTitleBar" />
94-->[com.google.android.gms:play-services-base:17.6.0] AndroidManifest.xml:26:13-72
95
96        <service
96-->[com.google.android.datatransport:transport-backend-cct:2.3.3] AndroidManifest.xml:29:9-35:19
97            android:name="com.google.android.datatransport.runtime.backends.TransportBackendDiscovery"
97-->[com.google.android.datatransport:transport-backend-cct:2.3.3] AndroidManifest.xml:30:13-103
98            android:exported="false" >
98-->[com.google.android.datatransport:transport-backend-cct:2.3.3] AndroidManifest.xml:31:13-37
99            <meta-data
99-->[com.google.android.datatransport:transport-backend-cct:2.3.3] AndroidManifest.xml:32:13-34:39
100                android:name="backend:com.google.android.datatransport.cct.CctBackendFactory"
100-->[com.google.android.datatransport:transport-backend-cct:2.3.3] AndroidManifest.xml:33:17-94
101                android:value="cct" />
101-->[com.google.android.datatransport:transport-backend-cct:2.3.3] AndroidManifest.xml:34:17-36
102        </service>
103        <service
103-->[com.google.android.datatransport:transport-runtime:2.2.6] AndroidManifest.xml:26:9-30:19
104            android:name="com.google.android.datatransport.runtime.scheduling.jobscheduling.JobInfoSchedulerService"
104-->[com.google.android.datatransport:transport-runtime:2.2.6] AndroidManifest.xml:27:13-117
105            android:exported="false"
105-->[com.google.android.datatransport:transport-runtime:2.2.6] AndroidManifest.xml:28:13-37
106            android:permission="android.permission.BIND_JOB_SERVICE" >
106-->[com.google.android.datatransport:transport-runtime:2.2.6] AndroidManifest.xml:29:13-69
107        </service>
108
109        <receiver
109-->[com.google.android.datatransport:transport-runtime:2.2.6] AndroidManifest.xml:32:9-34:40
110            android:name="com.google.android.datatransport.runtime.scheduling.jobscheduling.AlarmManagerSchedulerBroadcastReceiver"
110-->[com.google.android.datatransport:transport-runtime:2.2.6] AndroidManifest.xml:33:13-132
111            android:exported="false" />
111-->[com.google.android.datatransport:transport-runtime:2.2.6] AndroidManifest.xml:34:13-37
112
113        <provider
113-->[androidx.lifecycle:lifecycle-process:2.1.0] AndroidManifest.xml:23:9-27:43
114            android:name="androidx.lifecycle.ProcessLifecycleOwnerInitializer"
114-->[androidx.lifecycle:lifecycle-process:2.1.0] AndroidManifest.xml:24:13-79
115            android:authorities="com.google.mlkit.md.lifecycle-process"
115-->[androidx.lifecycle:lifecycle-process:2.1.0] AndroidManifest.xml:25:13-69
116            android:exported="false"
116-->[androidx.lifecycle:lifecycle-process:2.1.0] AndroidManifest.xml:26:13-37
117            android:multiprocess="true" />
117-->[androidx.lifecycle:lifecycle-process:2.1.0] AndroidManifest.xml:27:13-40
118    </application>
119
120</manifest>